[debug] [2021-06-08T04:38:09.034Z] ----------------------------------------------------------------------
[debug] [2021-06-08T04:38:09.038Z] Command:       /usr/local/bin/node /usr/local/bin/firebase deploy --only hosting
[debug] [2021-06-08T04:38:09.039Z] CLI Version:   9.8.0
[debug] [2021-06-08T04:38:09.039Z] Platform:      darwin
[debug] [2021-06-08T04:38:09.039Z] Node Version:  v14.16.0
[debug] [2021-06-08T04:38:09.056Z] Time:          Mon Jun 07 2021 23:38:09 GMT-0500 (Central Daylight Time)
[debug] [2021-06-08T04:38:09.056Z] ----------------------------------------------------------------------
[debug] 
[debug] [2021-06-08T04:38:09.059Z] >>> [apiv2][query] GET https://firebase-public.firebaseio.com/cli.json [none]
[debug] [2021-06-08T04:38:09.083Z] > command requires scopes: ["email","openid","https://www.googleapis.com/auth/cloudplatformprojects.readonly","https://www.googleapis.com/auth/firebase","https://www.googleapis.com/auth/cloud-platform"]
[debug] [2021-06-08T04:38:09.084Z] > authorizing via signed-in user
[debug] [2021-06-08T04:38:09.084Z] [iam] checking project fabianuribe-b88f1 for permissions ["firebase.projects.get","firebasehosting.sites.update"]
[debug] [2021-06-08T04:38:09.085Z] > refreshing access token with scopes: ["email","https://www.googleapis.com/auth/cloud-platform","https://www.googleapis.com/auth/cloudplatformprojects.readonly","https://www.googleapis.com/auth/firebase","openid"]
[debug] [2021-06-08T04:38:09.085Z] >>> HTTP REQUEST POST https://www.googleapis.com/oauth2/v3/token  
 <request body omitted>
[debug] [2021-06-08T04:38:09.278Z] <<< [apiv2][status] GET https://firebase-public.firebaseio.com/cli.json 200
[debug] [2021-06-08T04:38:09.279Z] <<< [apiv2][body] GET https://firebase-public.firebaseio.com/cli.json {"cloudBuildErrorAfter":1594252800000,"cloudBuildWarnAfter":1590019200000,"defaultNode10After":1594252800000,"minVersion":"3.0.5","node8DeploysDisabledAfter":1613390400000,"node8RuntimeDisabledAfter":1615809600000,"node8WarnAfter":1600128000000}
[debug] [2021-06-08T04:38:09.310Z] <<< HTTP RESPONSE 200 {"pragma":"no-cache","expires":"Mon, 01 Jan 1990 00:00:00 GMT","cache-control":"no-cache, no-store, max-age=0, must-revalidate","date":"Tue, 08 Jun 2021 04:38:09 GMT","content-type":"application/json; charset=utf-8","vary":"X-Origin, Referer, Origin,Accept-Encoding","server":"scaffolding on HTTPServer2","x-xss-protection":"0","x-frame-options":"SAMEORIGIN","x-content-type-options":"nosniff","alt-svc":"h3-29=\":443\"; ma=2592000,h3-T051=\":443\"; ma=2592000,h3-Q050=\":443\"; ma=2592000,h3-Q046=\":443\"; ma=2592000,h3-Q043=\":443\"; ma=2592000,quic=\":443\"; ma=2592000; v=\"46,43\"","accept-ranges":"none","transfer-encoding":"chunked"}
[debug] [2021-06-08T04:38:09.322Z] >>> HTTP REQUEST POST https://cloudresourcemanager.googleapis.com/v1/projects/fabianuribe-b88f1:testIamPermissions  
 {"permissions":["firebase.projects.get","firebasehosting.sites.update"]}
[debug] [2021-06-08T04:38:09.513Z] <<< HTTP RESPONSE 200 {"content-type":"application/json; charset=UTF-8","vary":"X-Origin, Referer, Origin,Accept-Encoding","date":"Tue, 08 Jun 2021 04:38:09 GMT","server":"ESF","cache-control":"private","x-xss-protection":"0","x-frame-options":"SAMEORIGIN","x-content-type-options":"nosniff","server-timing":"gfet4t7; dur=77","alt-svc":"h3-29=\":443\"; ma=2592000,h3-T051=\":443\"; ma=2592000,h3-Q050=\":443\"; ma=2592000,h3-Q046=\":443\"; ma=2592000,h3-Q043=\":443\"; ma=2592000,quic=\":443\"; ma=2592000; v=\"46,43\"","accept-ranges":"none","transfer-encoding":"chunked"}
[debug] [2021-06-08T04:38:09.515Z] > refreshing access token with scopes: []
[debug] [2021-06-08T04:38:09.515Z] >>> HTTP REQUEST POST https://www.googleapis.com/oauth2/v3/token  
 <request body omitted>
[debug] [2021-06-08T04:38:09.642Z] <<< HTTP RESPONSE 200 {"pragma":"no-cache","expires":"Mon, 01 Jan 1990 00:00:00 GMT","cache-control":"no-cache, no-store, max-age=0, must-revalidate","date":"Tue, 08 Jun 2021 04:38:09 GMT","content-type":"application/json; charset=utf-8","vary":"X-Origin, Referer, Origin,Accept-Encoding","server":"scaffolding on HTTPServer2","x-xss-protection":"0","x-frame-options":"SAMEORIGIN","x-content-type-options":"nosniff","alt-svc":"h3-29=\":443\"; ma=2592000,h3-T051=\":443\"; ma=2592000,h3-Q050=\":443\"; ma=2592000,h3-Q046=\":443\"; ma=2592000,h3-Q043=\":443\"; ma=2592000,quic=\":443\"; ma=2592000; v=\"46,43\"","accept-ranges":"none","transfer-encoding":"chunked"}
[debug] [2021-06-08T04:38:09.654Z] >>> [apiv2][query] GET https://firebase.googleapis.com/v1beta1/projects/fabianuribe-b88f1 [none]
[debug] [2021-06-08T04:38:09.887Z] <<< [apiv2][status] GET https://firebase.googleapis.com/v1beta1/projects/fabianuribe-b88f1 200
[debug] [2021-06-08T04:38:09.888Z] <<< [apiv2][body] GET https://firebase.googleapis.com/v1beta1/projects/fabianuribe-b88f1 {"projectId":"fabianuribe-b88f1","projectNumber":"1002166744095","displayName":"fabianuribe","name":"projects/fabianuribe-b88f1","resources":{"hostingSite":"fabianuribe-b88f1","realtimeDatabaseInstance":"fabianuribe-b88f1","storageBucket":"fabianuribe-b88f1.appspot.com","locationId":"us-central"},"state":"ACTIVE"}
[info] 
[info] === Deploying to 'fabianuribe-b88f1'...
[info] 
[info] i  deploying hosting 
[debug] [2021-06-08T04:38:09.891Z] > refreshing access token with scopes: ["email","https://www.googleapis.com/auth/cloud-platform","https://www.googleapis.com/auth/cloudplatformprojects.readonly","https://www.googleapis.com/auth/firebase","openid"]
[debug] [2021-06-08T04:38:09.891Z] >>> HTTP REQUEST POST https://www.googleapis.com/oauth2/v3/token  
 <request body omitted>
[debug] [2021-06-08T04:38:10.016Z] <<< HTTP RESPONSE 200 {"date":"Tue, 08 Jun 2021 04:38:10 GMT","pragma":"no-cache","expires":"Mon, 01 Jan 1990 00:00:00 GMT","cache-control":"no-cache, no-store, max-age=0, must-revalidate","content-type":"application/json; charset=utf-8","vary":"X-Origin, Referer, Origin,Accept-Encoding","server":"scaffolding on HTTPServer2","x-xss-protection":"0","x-frame-options":"SAMEORIGIN","x-content-type-options":"nosniff","alt-svc":"h3-29=\":443\"; ma=2592000,h3-T051=\":443\"; ma=2592000,h3-Q050=\":443\"; ma=2592000,h3-Q046=\":443\"; ma=2592000,h3-Q043=\":443\"; ma=2592000,quic=\":443\"; ma=2592000; v=\"46,43\"","accept-ranges":"none","transfer-encoding":"chunked"}
[debug] [2021-06-08T04:38:10.035Z] >>> HTTP REQUEST POST https://firebasehosting.googleapis.com/v1beta1/sites/fabianuribe-b88f1/versions  
 {"config":{},"labels":{"deployment-tool":"cli-firebase"}}
